/Users/ciarablanco/miniconda3/envs/finalgenomeanalysis/bin/quast.py spadesout/scaffolds.fasta -o quastspades

Version: 5.3.0

System information:
  OS: macOS-12.7.6-x86_64-i386-64bit-Mach-O (macosx)
  Python version: 3.13.3
  CPUs number: 4

Started: 2025-05-12 12:36:10

Logging to /Users/ciarablanco/Desktop/finalgenomeanalysis/quastspades/quast.log
NOTICE: Maximum number of threads is set to 1 (use --threads option to set it manually)

CWD: /Users/ciarablanco/Desktop/finalgenomeanalysis
Main parameters: 
  MODE: default, threads: 1, min contig length: 500, min alignment length: 65, min alignment IDY: 95.0, \
  ambiguity: one, min local misassembly length: 200, min extensive misassembly length: 1000

Contigs:
  Pre-processing...
  spadesout/scaffolds.fasta ==> scaffolds

2025-05-12 12:36:22
Running Basic statistics processor...
  Contig files: 
    scaffolds
  Calculating N50 and L50...
    scaffolds, N50 = 246717, L50 = 5, auN = 325175.3, Total length = 4295388, GC % = 47.69, # N's per 100 kbp =  6.98
  Drawing Nx plot...
    saved to /Users/ciarablanco/Desktop/finalgenomeanalysis/quastspades/basic_stats/Nx_plot.pdf
  Drawing cumulative plot...
    saved to /Users/ciarablanco/Desktop/finalgenomeanalysis/quastspades/basic_stats/cumulative_plot.pdf
  Drawing GC content plot...
    saved to /Users/ciarablanco/Desktop/finalgenomeanalysis/quastspades/basic_stats/GC_content_plot.pdf
  Drawing scaffolds GC content plot...
    saved to /Users/ciarablanco/Desktop/finalgenomeanalysis/quastspades/basic_stats/scaffolds_GC_content_plot.pdf
  Drawing Coverage histogram (bin size: 1x)...
    saved to /Users/ciarablanco/Desktop/finalgenomeanalysis/quastspades/basic_stats/coverage_histogram.pdf
  Drawing scaffolds coverage histogram (bin size: 1x)...
    saved to /Users/ciarablanco/Desktop/finalgenomeanalysis/quastspades/basic_stats/scaffolds_coverage_histogram.pdf
Done.

NOTICE: Genes are not predicted by default. Use --gene-finding or --glimmer option to enable it.

2025-05-12 12:36:25
Creating large visual summaries...
This may take a while: press Ctrl-C to skip this step..
  1 of 2: Creating PDF with all tables and plots...
  2 of 2: Creating Icarus viewers...
Done

2025-05-12 12:36:26
RESULTS:
  Text versions of total report are saved to /Users/ciarablanco/Desktop/finalgenomeanalysis/quastspades/report.txt, report.tsv, and report.tex
  Text versions of transposed total report are saved to /Users/ciarablanco/Desktop/finalgenomeanalysis/quastspades/transposed_report.txt, transposed_report.tsv, and transposed_report.tex
  HTML version (interactive tables and plots) is saved to /Users/ciarablanco/Desktop/finalgenomeanalysis/quastspades/report.html
  PDF version (tables and plots) is saved to /Users/ciarablanco/Desktop/finalgenomeanalysis/quastspades/report.pdf
  Icarus (contig browser) is saved to /Users/ciarablanco/Desktop/finalgenomeanalysis/quastspades/icarus.html
  Log is saved to /Users/ciarablanco/Desktop/finalgenomeanalysis/quastspades/quast.log

Finished: 2025-05-12 12:36:26
Elapsed time: 0:00:16.016352
NOTICEs: 2; WARNINGs: 0; non-fatal ERRORs: 0

Thank you for using QUAST!
